<?xml version="1.0" encoding="UTF-8"?>
<!-- Generated by org.testng.reporters.JUnitReportReporter -->
<testsuite hostname="Deepak" name="practice.api.Categories" tests="3" failures="0" timestamp="21 Oct 2019 15:26:56 GMT" time="0.151" errors="0">
  <testcase name="verifyPromotionsdata" time="0.022" classname="practice.api.Categories"/>
  <testcase name="verifyname" time="0.116" classname="practice.api.Categories"/>
  <testcase name="verifyCanRelist" time="0.013" classname="practice.api.Categories"/>
</testsuite> <!-- practice.api.Categories -->
