<?xml version="1.0" encoding="UTF-8"?>
<!-- Generated by org.testng.reporters.JUnitReportReporter -->
<testsuite hostname="Deepak" name="practice.api.Categories2" tests="3" failures="0" timestamp="21 Oct 2019 15:26:55 GMT" time="0.058" errors="0">
  <testcase name="verifyCanRelist" time="0.019" classname="practice.api.Categories2"/>
  <testcase name="verifyname" time="0.029" classname="practice.api.Categories2"/>
  <testcase name="verifyPromotionsdata" time="0.010" classname="practice.api.Categories2"/>
</testsuite> <!-- practice.api.Categories2 -->
